c:\users\1osta\onedrive\바탕 화면\고프어쩌면최종\고프2어쩌면최종\consoleapplication2\x64\debug\vc143.pdb
c:\users\1osta\onedrive\바탕 화면\고프어쩌면최종\고프2어쩌면최종\consoleapplication2\x64\debug\vc143.idb
c:\users\1osta\onedrive\바탕 화면\고프어쩌면최종\고프2어쩌면최종\consoleapplication2\x64\debug\sample.obj
c:\users\1osta\onedrive\바탕 화면\고프어쩌면최종\고프2어쩌면최종\consoleapplication2\x64\debug\nightgame.obj
c:\users\1osta\onedrive\바탕 화면\고프어쩌면최종\고프2어쩌면최종\consoleapplication2\x64\debug\mugunghwa.obj
c:\users\1osta\onedrive\바탕 화면\고프어쩌면최종\고프2어쩌면최종\consoleapplication2\x64\debug\keyin.obj
c:\users\1osta\onedrive\바탕 화면\고프어쩌면최종\고프2어쩌면최종\consoleapplication2\x64\debug\juldarigi.obj
c:\users\1osta\onedrive\바탕 화면\고프어쩌면최종\고프2어쩌면최종\consoleapplication2\x64\debug\jjuggumi.obj
c:\users\1osta\onedrive\바탕 화면\고프어쩌면최종\고프2어쩌면최종\consoleapplication2\x64\debug\jebi.obj
c:\users\1osta\onedrive\바탕 화면\고프어쩌면최종\고프2어쩌면최종\consoleapplication2\x64\debug\canvas.obj
c:\users\1osta\onedrive\바탕 화면\고프어쩌면최종\고프2어쩌면최종\consoleapplication2\x64\debug\consoleapplication2.ilk
c:\users\1osta\onedrive\바탕 화면\고프어쩌면최종\고프2어쩌면최종\x64\debug\consoleapplication2.exe
c:\users\1osta\onedrive\바탕 화면\고프어쩌면최종\고프2어쩌면최종\x64\debug\consoleapplication2.pdb
c:\users\1osta\onedrive\바탕 화면\고프어쩌면최종\고프2어쩌면최종\consoleapplication2\x64\debug\consolea.ef68baf4.tlog\cl.command.1.tlog
c:\users\1osta\onedrive\바탕 화면\고프어쩌면최종\고프2어쩌면최종\consoleapplication2\x64\debug\consolea.ef68baf4.tlog\cl.items.tlog
c:\users\1osta\onedrive\바탕 화면\고프어쩌면최종\고프2어쩌면최종\consoleapplication2\x64\debug\consolea.ef68baf4.tlog\cl.read.1.tlog
c:\users\1osta\onedrive\바탕 화면\고프어쩌면최종\고프2어쩌면최종\consoleapplication2\x64\debug\consolea.ef68baf4.tlog\cl.write.1.tlog
c:\users\1osta\onedrive\바탕 화면\고프어쩌면최종\고프2어쩌면최종\consoleapplication2\x64\debug\consolea.ef68baf4.tlog\link.command.1.tlog
c:\users\1osta\onedrive\바탕 화면\고프어쩌면최종\고프2어쩌면최종\consoleapplication2\x64\debug\consolea.ef68baf4.tlog\link.read.1.tlog
c:\users\1osta\onedrive\바탕 화면\고프어쩌면최종\고프2어쩌면최종\consoleapplication2\x64\debug\consolea.ef68baf4.tlog\link.write.1.tlog
